2019/03/18-15:45:19.992 [main] ERROR org.springframework.boot.SpringApplication- Application run failed
org.springframework.boot.context.properties.bind.BindException: Failed to bind properties under 'logging.level' to java.util.Map<java.lang.String, java.lang.String>
	at org.springframework.boot.context.properties.bind.Binder.handleBindError(Binder.java:249)
	at org.springframework.boot.context.properties.bind.Binder.bind(Binder.java:225)
	at org.springframework.boot.context.properties.bind.Binder.bind(Binder.java:208)
	at org.springframework.boot.context.properties.bind.Binder.bind(Binder.java:177)
	at org.springframework.boot.context.logging.LoggingApplicationListener.setLogLevels(LoggingApplicationListener.java:338)
	at org.springframework.boot.context.logging.LoggingApplicationListener.initializeFinalLoggingLevels(LoggingApplicationListener.java:319)
	at org.springframework.boot.context.logging.LoggingApplicationListener.initialize(LoggingApplicationListener.java:267)
	at org.springframework.boot.context.logging.LoggingApplicationListener.onApplicationEnvironmentPreparedEvent(LoggingApplicationListener.java:229)
	at org.springframework.boot.context.logging.LoggingApplicationListener.onApplicationEvent(LoggingApplicationListener.java:202)
	at org.springframework.context.event.SimpleApplicationEventMulticaster.doInvokeListener(SimpleApplicationEventMulticaster.java:172)
	at org.springframework.context.event.SimpleApplicationEventMulticaster.invokeListener(SimpleApplicationEventMulticaster.java:165)
	at org.springframework.context.event.SimpleApplicationEventMulticaster.multicastEvent(SimpleApplicationEventMulticaster.java:139)
	at org.springframework.context.event.SimpleApplicationEventMulticaster.multicastEvent(SimpleApplicationEventMulticaster.java:127)
	at org.springframework.boot.context.event.EventPublishingRunListener.environmentPrepared(EventPublishingRunListener.java:75)
	at org.springframework.boot.SpringApplicationRunListeners.environmentPrepared(SpringApplicationRunListeners.java:54)
	at org.springframework.boot.SpringApplication.prepareEnvironment(SpringApplication.java:347)
	at org.springframework.boot.SpringApplication.run(SpringApplication.java:306)
	at org.springframework.boot.SpringApplication.run(SpringApplication.java:1260)
	at org.springframework.boot.SpringApplication.run(SpringApplication.java:1248)
	at com.springonly.SpringonlyApplication.main(SpringonlyApplication.java:15)
Caused by: org.springframework.core.convert.ConverterNotFoundException: No converter found capable of converting from type [java.lang.String] to type [java.util.Map<java.lang.String, java.lang.String>]
	at org.springframework.core.convert.support.GenericConversionService.handleConverterNotFound(GenericConversionService.java:321)
	at org.springframework.core.convert.support.GenericConversionService.convert(GenericConversionService.java:194)
	at org.springframework.boot.context.properties.bind.BindConverter$CompositeConversionService.convert(BindConverter.java:177)
	at org.springframework.boot.context.properties.bind.BindConverter.convert(BindConverter.java:98)
	at org.springframework.boot.context.properties.bind.BindConverter.convert(BindConverter.java:90)
	at org.springframework.boot.context.properties.bind.MapBinder.bindAggregate(MapBinder.java:65)
	at org.springframework.boot.context.properties.bind.AggregateBinder.bind(AggregateBinder.java:58)
	at org.springframework.boot.context.properties.bind.Binder.lambda$bindAggregate$2(Binder.java:304)
	at org.springframework.boot.context.properties.bind.Binder$Context.withIncreasedDepth(Binder.java:448)
	at org.springframework.boot.context.properties.bind.Binder$Context.access$100(Binder.java:388)
	at org.springframework.boot.context.properties.bind.Binder.bindAggregate(Binder.java:303)
	at org.springframework.boot.context.properties.bind.Binder.bindObject(Binder.java:261)
	at org.springframework.boot.context.properties.bind.Binder.bind(Binder.java:220)
	... 18 common frames omitted
2019/03/18-15:48:32.204 [main] INFO  com.springonly.SpringonlyApplication- Starting SpringonlyApplication on DESKTOP-9QBMMN1 with PID 37976 (F:\code\zijixie_spring\springlearn\springonly\target\classes started by HP in F:\code\zijixie_spring\springlearn)
2019/03/18-15:48:32.207 [main] INFO  com.springonly.SpringonlyApplication- The following profiles are active: shydev
2019/03/18-15:48:33.536 [main] INFO  org.springframework.boot.web.embedded.tomcat.TomcatWebServer- Tomcat initialized with port(s): 9393 (http)
2019/03/18-15:48:33.559 [main] INFO  org.apache.catalina.core.StandardService- Starting service [Tomcat]
2019/03/18-15:48:33.560 [main] INFO  org.apache.catalina.core.StandardEngine- Starting Servlet engine: [Apache Tomcat/9.0.14]
2019/03/18-15:48:33.568 [main] INFO  org.apache.catalina.core.AprLifecycleListener- The APR based Apache Tomcat Native library which allows optimal performance in production environments was not found on the java.library.path: [C:\Program Files\Java\jdk1.8.0_191\bin;C:\windows\Sun\Java\bin;C:\windows\system32;C:\windows;C:\Program Files (x86)\Common Files\Oracle\Java\javapath;C:\Program Files (x86)\Intel\Intel(R) Management Engine Components\iCLS\;C:\Program Files\Intel\Intel(R) Management Engine Components\iCLS\;C:\windows\system32;C:\windows;C:\windows\System32\Wbem;C:\windows\System32\WindowsPowerShell\v1.0\;C:\windows\System32\OpenSSH\;C:\Program Files (x86)\Intel\Intel(R) Management Engine Components\DAL;C:\Program Files\Intel\Intel(R) Management Engine Components\DAL;C:\Program Files (x86)\Intel\Intel(R) Management Engine Components\IPT;C:\Program Files\Intel\Intel(R) Management Engine Components\IPT;C:\Program Files\Git\cmd;C:\Program Files\TortoiseGit\bin;F:\maven\apache-maven-3.6.0-bin\apache-maven-3.6.0\bin;C:\Users\HP\AppData\Local\Microsoft\WindowsApps;;C:\Program Files\JetBrains\IntelliJ IDEA Community Edition 2018.3.1\bin;;.]
2019/03/18-15:48:33.670 [main] INFO  org.apache.catalina.core.ContainerBase.[Tomcat].[localhost].[/]- Initializing Spring embedded WebApplicationContext
2019/03/18-15:48:33.671 [main] INFO  org.springframework.web.context.ContextLoader- Root WebApplicationContext: initialization completed in 1412 ms
2019/03/18-15:48:34.088 [main] INFO  org.springframework.scheduling.concurrent.ThreadPoolTaskExecutor- Initializing ExecutorService 'applicationTaskExecutor'
2019/03/18-15:48:34.198 [main] INFO  springfox.documentation.spring.web.plugins.DocumentationPluginsBootstrapper- Context refreshed
2019/03/18-15:48:34.213 [main] INFO  springfox.documentation.spring.web.plugins.DocumentationPluginsBootstrapper- Found 1 custom documentation plugin(s)
2019/03/18-15:48:34.220 [main] INFO  springfox.documentation.spring.web.scanners.ApiListingReferenceScanner- Scanning for api listing references
2019/03/18-15:48:34.249 [main] INFO  org.springframework.boot.web.embedded.tomcat.TomcatWebServer- Tomcat started on port(s): 9393 (http) with context path ''
2019/03/18-15:48:34.252 [main] INFO  com.springonly.SpringonlyApplication- Started SpringonlyApplication in 2.447 seconds (JVM running for 2.821)
2019/03/18-15:48:42.094 [http-nio-9393-exec-1] INFO  org.apache.catalina.core.ContainerBase.[Tomcat].[localhost].[/]- Initializing Spring DispatcherServlet 'dispatcherServlet'
2019/03/18-15:48:42.094 [http-nio-9393-exec-1] INFO  org.springframework.web.servlet.DispatcherServlet- Initializing Servlet 'dispatcherServlet'
2019/03/18-15:48:42.099 [http-nio-9393-exec-1] INFO  org.springframework.web.servlet.DispatcherServlet- Completed initialization in 5 ms
2019/03/18-15:49:52.350 [main] INFO  com.springonly.SpringonlyApplication- Starting SpringonlyApplication on DESKTOP-9QBMMN1 with PID 34912 (F:\code\zijixie_spring\springlearn\springonly\target\classes started by HP in F:\code\zijixie_spring\springlearn)
2019/03/18-15:49:52.352 [main] INFO  com.springonly.SpringonlyApplication- The following profiles are active: shydev
2019/03/18-15:49:53.667 [main] INFO  org.springframework.boot.web.embedded.tomcat.TomcatWebServer- Tomcat initialized with port(s): 9393 (http)
2019/03/18-15:49:53.687 [main] INFO  org.apache.catalina.core.StandardService- Starting service [Tomcat]
2019/03/18-15:49:53.687 [main] INFO  org.apache.catalina.core.StandardEngine- Starting Servlet engine: [Apache Tomcat/9.0.14]
2019/03/18-15:49:53.696 [main] INFO  org.apache.catalina.core.AprLifecycleListener- The APR based Apache Tomcat Native library which allows optimal performance in production environments was not found on the java.library.path: [C:\Program Files\Java\jdk1.8.0_191\bin;C:\windows\Sun\Java\bin;C:\windows\system32;C:\windows;C:\Program Files (x86)\Common Files\Oracle\Java\javapath;C:\Program Files (x86)\Intel\Intel(R) Management Engine Components\iCLS\;C:\Program Files\Intel\Intel(R) Management Engine Components\iCLS\;C:\windows\system32;C:\windows;C:\windows\System32\Wbem;C:\windows\System32\WindowsPowerShell\v1.0\;C:\windows\System32\OpenSSH\;C:\Program Files (x86)\Intel\Intel(R) Management Engine Components\DAL;C:\Program Files\Intel\Intel(R) Management Engine Components\DAL;C:\Program Files (x86)\Intel\Intel(R) Management Engine Components\IPT;C:\Program Files\Intel\Intel(R) Management Engine Components\IPT;C:\Program Files\Git\cmd;C:\Program Files\TortoiseGit\bin;F:\maven\apache-maven-3.6.0-bin\apache-maven-3.6.0\bin;C:\Users\HP\AppData\Local\Microsoft\WindowsApps;;C:\Program Files\JetBrains\IntelliJ IDEA Community Edition 2018.3.1\bin;;.]
2019/03/18-15:49:53.795 [main] INFO  org.apache.catalina.core.ContainerBase.[Tomcat].[localhost].[/]- Initializing Spring embedded WebApplicationContext
2019/03/18-15:49:53.795 [main] INFO  org.springframework.web.context.ContextLoader- Root WebApplicationContext: initialization completed in 1392 ms
2019/03/18-15:49:54.353 [main] INFO  springfox.documentation.spring.web.plugins.DocumentationPluginsBootstrapper- Context refreshed
2019/03/18-15:49:54.371 [main] INFO  springfox.documentation.spring.web.plugins.DocumentationPluginsBootstrapper- Found 1 custom documentation plugin(s)
2019/03/18-15:49:54.379 [main] INFO  springfox.documentation.spring.web.scanners.ApiListingReferenceScanner- Scanning for api listing references
2019/03/18-15:49:54.414 [main] INFO  org.springframework.boot.web.embedded.tomcat.TomcatWebServer- Tomcat started on port(s): 9393 (http) with context path ''
2019/03/18-15:49:54.416 [main] INFO  com.springonly.SpringonlyApplication- Started SpringonlyApplication in 2.426 seconds (JVM running for 2.795)
2019/03/18-15:50:55.460 [http-nio-9393-exec-1] INFO  org.apache.catalina.core.ContainerBase.[Tomcat].[localhost].[/]- Initializing Spring DispatcherServlet 'dispatcherServlet'
2019/03/18-15:50:55.460 [http-nio-9393-exec-1] INFO  org.springframework.web.servlet.DispatcherServlet- Initializing Servlet 'dispatcherServlet'
2019/03/18-15:50:55.467 [http-nio-9393-exec-1] INFO  org.springframework.web.servlet.DispatcherServlet- Completed initialization in 7 ms
2019/03/18-15:50:55.480 [http-nio-9393-exec-1] WARN  org.springframework.web.servlet.PageNotFound- No mapping for GET /swagger-ui.html
2019/03/18-15:50:55.655 [http-nio-9393-exec-2] WARN  org.springframework.web.servlet.PageNotFound- No mapping for GET /favicon.ico
2019/03/18-15:52:54.463 [main] INFO  com.springonly.SpringonlyApplication- Starting SpringonlyApplication on DESKTOP-9QBMMN1 with PID 18616 (F:\code\zijixie_spring\springlearn\springonly\target\classes started by HP in F:\code\zijixie_spring\springlearn)
2019/03/18-15:52:54.466 [main] INFO  com.springonly.SpringonlyApplication- The following profiles are active: shydev
2019/03/18-15:52:55.799 [main] INFO  org.springframework.boot.web.embedded.tomcat.TomcatWebServer- Tomcat initialized with port(s): 9393 (http)
2019/03/18-15:52:55.829 [main] INFO  org.apache.catalina.core.StandardService- Starting service [Tomcat]
2019/03/18-15:52:55.829 [main] INFO  org.apache.catalina.core.StandardEngine- Starting Servlet engine: [Apache Tomcat/9.0.14]
2019/03/18-15:52:55.843 [main] INFO  org.apache.catalina.core.AprLifecycleListener- The APR based Apache Tomcat Native library which allows optimal performance in production environments was not found on the java.library.path: [C:\Program Files\Java\jdk1.8.0_191\bin;C:\windows\Sun\Java\bin;C:\windows\system32;C:\windows;C:\Program Files (x86)\Common Files\Oracle\Java\javapath;C:\Program Files (x86)\Intel\Intel(R) Management Engine Components\iCLS\;C:\Program Files\Intel\Intel(R) Management Engine Components\iCLS\;C:\windows\system32;C:\windows;C:\windows\System32\Wbem;C:\windows\System32\WindowsPowerShell\v1.0\;C:\windows\System32\OpenSSH\;C:\Program Files (x86)\Intel\Intel(R) Management Engine Components\DAL;C:\Program Files\Intel\Intel(R) Management Engine Components\DAL;C:\Program Files (x86)\Intel\Intel(R) Management Engine Components\IPT;C:\Program Files\Intel\Intel(R) Management Engine Components\IPT;C:\Program Files\Git\cmd;C:\Program Files\TortoiseGit\bin;F:\maven\apache-maven-3.6.0-bin\apache-maven-3.6.0\bin;C:\Users\HP\AppData\Local\Microsoft\WindowsApps;;C:\Program Files\JetBrains\IntelliJ IDEA Community Edition 2018.3.1\bin;;.]
2019/03/18-15:52:55.971 [main] INFO  org.apache.catalina.core.ContainerBase.[Tomcat].[localhost].[/]- Initializing Spring embedded WebApplicationContext
2019/03/18-15:52:55.971 [main] INFO  org.springframework.web.context.ContextLoader- Root WebApplicationContext: initialization completed in 1426 ms
2019/03/18-15:52:56.531 [main] INFO  springfox.documentation.spring.web.plugins.DocumentationPluginsBootstrapper- Context refreshed
2019/03/18-15:52:56.548 [main] INFO  springfox.documentation.spring.web.plugins.DocumentationPluginsBootstrapper- Found 1 custom documentation plugin(s)
2019/03/18-15:52:56.558 [main] INFO  springfox.documentation.spring.web.scanners.ApiListingReferenceScanner- Scanning for api listing references
2019/03/18-15:52:56.589 [main] INFO  org.springframework.boot.web.embedded.tomcat.TomcatWebServer- Tomcat started on port(s): 9393 (http) with context path ''
2019/03/18-15:52:56.591 [main] INFO  com.springonly.SpringonlyApplication- Started SpringonlyApplication in 2.603 seconds (JVM running for 3.019)
2019/03/18-15:53:04.509 [http-nio-9393-exec-1] INFO  org.apache.catalina.core.ContainerBase.[Tomcat].[localhost].[/]- Initializing Spring DispatcherServlet 'dispatcherServlet'
2019/03/18-15:53:04.509 [http-nio-9393-exec-1] INFO  org.springframework.web.servlet.DispatcherServlet- Initializing Servlet 'dispatcherServlet'
2019/03/18-15:53:04.515 [http-nio-9393-exec-1] INFO  org.springframework.web.servlet.DispatcherServlet- Completed initialization in 6 ms
2019/03/18-15:56:34.218 [main] INFO  com.springonly.SpringonlyApplication- Starting SpringonlyApplication on DESKTOP-9QBMMN1 with PID 27988 (F:\code\zijixie_spring\springlearn\springonly\target\classes started by HP in F:\code\zijixie_spring\springlearn)
2019/03/18-15:56:34.220 [main] INFO  com.springonly.SpringonlyApplication- The following profiles are active: shydev
2019/03/18-15:56:35.635 [main] INFO  org.springframework.boot.web.embedded.tomcat.TomcatWebServer- Tomcat initialized with port(s): 9393 (http)
2019/03/18-15:56:35.659 [main] INFO  org.apache.catalina.core.StandardService- Starting service [Tomcat]
2019/03/18-15:56:35.659 [main] INFO  org.apache.catalina.core.StandardEngine- Starting Servlet engine: [Apache Tomcat/9.0.14]
2019/03/18-15:56:35.669 [main] INFO  org.apache.catalina.core.AprLifecycleListener- The APR based Apache Tomcat Native library which allows optimal performance in production environments was not found on the java.library.path: [C:\Program Files\Java\jdk1.8.0_191\bin;C:\windows\Sun\Java\bin;C:\windows\system32;C:\windows;C:\Program Files (x86)\Common Files\Oracle\Java\javapath;C:\Program Files (x86)\Intel\Intel(R) Management Engine Components\iCLS\;C:\Program Files\Intel\Intel(R) Management Engine Components\iCLS\;C:\windows\system32;C:\windows;C:\windows\System32\Wbem;C:\windows\System32\WindowsPowerShell\v1.0\;C:\windows\System32\OpenSSH\;C:\Program Files (x86)\Intel\Intel(R) Management Engine Components\DAL;C:\Program Files\Intel\Intel(R) Management Engine Components\DAL;C:\Program Files (x86)\Intel\Intel(R) Management Engine Components\IPT;C:\Program Files\Intel\Intel(R) Management Engine Components\IPT;C:\Program Files\Git\cmd;C:\Program Files\TortoiseGit\bin;F:\maven\apache-maven-3.6.0-bin\apache-maven-3.6.0\bin;C:\Users\HP\AppData\Local\Microsoft\WindowsApps;;C:\Program Files\JetBrains\IntelliJ IDEA Community Edition 2018.3.1\bin;;.]
2019/03/18-15:56:35.767 [main] INFO  org.apache.catalina.core.ContainerBase.[Tomcat].[localhost].[/]- Initializing Spring embedded WebApplicationContext
2019/03/18-15:56:35.767 [main] INFO  org.springframework.web.context.ContextLoader- Root WebApplicationContext: initialization completed in 1483 ms
2019/03/18-15:56:36.303 [main] INFO  springfox.documentation.spring.web.plugins.DocumentationPluginsBootstrapper- Context refreshed
2019/03/18-15:56:36.319 [main] INFO  springfox.documentation.spring.web.plugins.DocumentationPluginsBootstrapper- Found 1 custom documentation plugin(s)
2019/03/18-15:56:36.327 [main] INFO  springfox.documentation.spring.web.scanners.ApiListingReferenceScanner- Scanning for api listing references
2019/03/18-15:56:36.416 [main] WARN  springfox.documentation.swagger.readers.operation.OperationImplicitParameterReader- Coercing to be of type string. This may not even be a scalar type in actuality
2019/03/18-15:56:36.453 [main] INFO  org.springframework.boot.web.embedded.tomcat.TomcatWebServer- Tomcat started on port(s): 9393 (http) with context path ''
2019/03/18-15:56:36.456 [main] INFO  com.springonly.SpringonlyApplication- Started SpringonlyApplication in 2.629 seconds (JVM running for 3.079)
2019/03/18-15:56:39.370 [http-nio-9393-exec-1] INFO  org.apache.catalina.core.ContainerBase.[Tomcat].[localhost].[/]- Initializing Spring DispatcherServlet 'dispatcherServlet'
2019/03/18-15:56:39.371 [http-nio-9393-exec-1] INFO  org.springframework.web.servlet.DispatcherServlet- Initializing Servlet 'dispatcherServlet'
2019/03/18-15:56:39.376 [http-nio-9393-exec-1] INFO  org.springframework.web.servlet.DispatcherServlet- Completed initialization in 5 ms
2019/03/18-15:59:07.805 [main] INFO  com.springonly.SpringonlyApplication- Starting SpringonlyApplication on DESKTOP-9QBMMN1 with PID 18940 (F:\code\zijixie_spring\springlearn\springonly\target\classes started by HP in F:\code\zijixie_spring\springlearn)
2019/03/18-15:59:07.809 [main] INFO  com.springonly.SpringonlyApplication- The following profiles are active: shydev
2019/03/18-15:59:09.055 [main] INFO  org.springframework.boot.web.embedded.tomcat.TomcatWebServer- Tomcat initialized with port(s): 9393 (http)
2019/03/18-15:59:09.075 [main] INFO  org.apache.catalina.core.StandardService- Starting service [Tomcat]
2019/03/18-15:59:09.075 [main] INFO  org.apache.catalina.core.StandardEngine- Starting Servlet engine: [Apache Tomcat/9.0.14]
2019/03/18-15:59:09.083 [main] INFO  org.apache.catalina.core.AprLifecycleListener- The APR based Apache Tomcat Native library which allows optimal performance in production environments was not found on the java.library.path: [C:\Program Files\Java\jdk1.8.0_191\bin;C:\windows\Sun\Java\bin;C:\windows\system32;C:\windows;C:\Program Files (x86)\Common Files\Oracle\Java\javapath;C:\Program Files (x86)\Intel\Intel(R) Management Engine Components\iCLS\;C:\Program Files\Intel\Intel(R) Management Engine Components\iCLS\;C:\windows\system32;C:\windows;C:\windows\System32\Wbem;C:\windows\System32\WindowsPowerShell\v1.0\;C:\windows\System32\OpenSSH\;C:\Program Files (x86)\Intel\Intel(R) Management Engine Components\DAL;C:\Program Files\Intel\Intel(R) Management Engine Components\DAL;C:\Program Files (x86)\Intel\Intel(R) Management Engine Components\IPT;C:\Program Files\Intel\Intel(R) Management Engine Components\IPT;C:\Program Files\Git\cmd;C:\Program Files\TortoiseGit\bin;F:\maven\apache-maven-3.6.0-bin\apache-maven-3.6.0\bin;C:\Users\HP\AppData\Local\Microsoft\WindowsApps;;C:\Program Files\JetBrains\IntelliJ IDEA Community Edition 2018.3.1\bin;;.]
2019/03/18-15:59:09.174 [main] INFO  org.apache.catalina.core.ContainerBase.[Tomcat].[localhost].[/]- Initializing Spring embedded WebApplicationContext
2019/03/18-15:59:09.174 [main] INFO  org.springframework.web.context.ContextLoader- Root WebApplicationContext: initialization completed in 1322 ms
2019/03/18-15:59:09.692 [main] INFO  springfox.documentation.spring.web.plugins.DocumentationPluginsBootstrapper- Context refreshed
2019/03/18-15:59:09.706 [main] INFO  springfox.documentation.spring.web.plugins.DocumentationPluginsBootstrapper- Found 1 custom documentation plugin(s)
2019/03/18-15:59:09.715 [main] INFO  springfox.documentation.spring.web.scanners.ApiListingReferenceScanner- Scanning for api listing references
2019/03/18-15:59:09.769 [main] WARN  springfox.documentation.swagger.readers.operation.OperationImplicitParameterReader- Coercing to be of type string. This may not even be a scalar type in actuality
2019/03/18-15:59:09.806 [main] INFO  org.springframework.boot.web.embedded.tomcat.TomcatWebServer- Tomcat started on port(s): 9393 (http) with context path ''
2019/03/18-15:59:09.808 [main] INFO  com.springonly.SpringonlyApplication- Started SpringonlyApplication in 2.363 seconds (JVM running for 2.726)
2019/03/18-15:59:28.711 [http-nio-9393-exec-1] INFO  org.apache.catalina.core.ContainerBase.[Tomcat].[localhost].[/]- Initializing Spring DispatcherServlet 'dispatcherServlet'
2019/03/18-15:59:28.711 [http-nio-9393-exec-1] INFO  org.springframework.web.servlet.DispatcherServlet- Initializing Servlet 'dispatcherServlet'
2019/03/18-15:59:28.720 [http-nio-9393-exec-1] INFO  org.springframework.web.servlet.DispatcherServlet- Completed initialization in 8 ms
2019/03/18-16:00:59.549 [main] INFO  com.springonly.SpringonlyApplication- Starting SpringonlyApplication on DESKTOP-9QBMMN1 with PID 38716 (F:\code\zijixie_spring\springlearn\springonly\target\classes started by HP in F:\code\zijixie_spring\springlearn)
2019/03/18-16:00:59.552 [main] INFO  com.springonly.SpringonlyApplication- The following profiles are active: shydev
2019/03/18-16:01:00.842 [main] INFO  org.springframework.boot.web.embedded.tomcat.TomcatWebServer- Tomcat initialized with port(s): 9393 (http)
2019/03/18-16:01:00.862 [main] INFO  org.apache.catalina.core.StandardService- Starting service [Tomcat]
2019/03/18-16:01:00.862 [main] INFO  org.apache.catalina.core.StandardEngine- Starting Servlet engine: [Apache Tomcat/9.0.14]
2019/03/18-16:01:00.870 [main] INFO  org.apache.catalina.core.AprLifecycleListener- The APR based Apache Tomcat Native library which allows optimal performance in production environments was not found on the java.library.path: [C:\Program Files\Java\jdk1.8.0_191\bin;C:\windows\Sun\Java\bin;C:\windows\system32;C:\windows;C:\Program Files (x86)\Common Files\Oracle\Java\javapath;C:\Program Files (x86)\Intel\Intel(R) Management Engine Components\iCLS\;C:\Program Files\Intel\Intel(R) Management Engine Components\iCLS\;C:\windows\system32;C:\windows;C:\windows\System32\Wbem;C:\windows\System32\WindowsPowerShell\v1.0\;C:\windows\System32\OpenSSH\;C:\Program Files (x86)\Intel\Intel(R) Management Engine Components\DAL;C:\Program Files\Intel\Intel(R) Management Engine Components\DAL;C:\Program Files (x86)\Intel\Intel(R) Management Engine Components\IPT;C:\Program Files\Intel\Intel(R) Management Engine Components\IPT;C:\Program Files\Git\cmd;C:\Program Files\TortoiseGit\bin;F:\maven\apache-maven-3.6.0-bin\apache-maven-3.6.0\bin;C:\Users\HP\AppData\Local\Microsoft\WindowsApps;;C:\Program Files\JetBrains\IntelliJ IDEA Community Edition 2018.3.1\bin;;.]
2019/03/18-16:01:00.961 [main] INFO  org.apache.catalina.core.ContainerBase.[Tomcat].[localhost].[/]- Initializing Spring embedded WebApplicationContext
2019/03/18-16:01:00.961 [main] INFO  org.springframework.web.context.ContextLoader- Root WebApplicationContext: initialization completed in 1367 ms
2019/03/18-16:01:01.483 [main] INFO  springfox.documentation.spring.web.plugins.DocumentationPluginsBootstrapper- Context refreshed
2019/03/18-16:01:01.498 [main] INFO  springfox.documentation.spring.web.plugins.DocumentationPluginsBootstrapper- Found 1 custom documentation plugin(s)
2019/03/18-16:01:01.507 [main] INFO  springfox.documentation.spring.web.scanners.ApiListingReferenceScanner- Scanning for api listing references
2019/03/18-16:01:01.562 [main] WARN  springfox.documentation.swagger.readers.operation.OperationImplicitParameterReader- Coercing to be of type string. This may not even be a scalar type in actuality
2019/03/18-16:01:01.598 [main] INFO  org.springframework.boot.web.embedded.tomcat.TomcatWebServer- Tomcat started on port(s): 9393 (http) with context path ''
2019/03/18-16:01:01.601 [main] INFO  com.springonly.SpringonlyApplication- Started SpringonlyApplication in 2.414 seconds (JVM running for 2.785)
2019/03/18-16:01:12.697 [http-nio-9393-exec-1] INFO  org.apache.catalina.core.ContainerBase.[Tomcat].[localhost].[/]- Initializing Spring DispatcherServlet 'dispatcherServlet'
2019/03/18-16:01:12.697 [http-nio-9393-exec-1] INFO  org.springframework.web.servlet.DispatcherServlet- Initializing Servlet 'dispatcherServlet'
2019/03/18-16:01:12.703 [http-nio-9393-exec-1] INFO  org.springframework.web.servlet.DispatcherServlet- Completed initialization in 6 ms
2019/03/18-16:03:45.455 [main] INFO  com.springonly.SpringonlyApplication- Starting SpringonlyApplication on DESKTOP-9QBMMN1 with PID 34600 (F:\code\zijixie_spring\springlearn\springonly\target\classes started by HP in F:\code\zijixie_spring\springlearn)
2019/03/18-16:03:45.458 [main] INFO  com.springonly.SpringonlyApplication- The following profiles are active: shydev
2019/03/18-16:03:46.679 [main] INFO  org.springframework.boot.web.embedded.tomcat.TomcatWebServer- Tomcat initialized with port(s): 9393 (http)
2019/03/18-16:03:46.710 [main] INFO  org.apache.catalina.core.StandardService- Starting service [Tomcat]
2019/03/18-16:03:46.710 [main] INFO  org.apache.catalina.core.StandardEngine- Starting Servlet engine: [Apache Tomcat/9.0.14]
2019/03/18-16:03:46.719 [main] INFO  org.apache.catalina.core.AprLifecycleListener- The APR based Apache Tomcat Native library which allows optimal performance in production environments was not found on the java.library.path: [C:\Program Files\Java\jdk1.8.0_191\bin;C:\windows\Sun\Java\bin;C:\windows\system32;C:\windows;C:\Program Files (x86)\Common Files\Oracle\Java\javapath;C:\Program Files (x86)\Intel\Intel(R) Management Engine Components\iCLS\;C:\Program Files\Intel\Intel(R) Management Engine Components\iCLS\;C:\windows\system32;C:\windows;C:\windows\System32\Wbem;C:\windows\System32\WindowsPowerShell\v1.0\;C:\windows\System32\OpenSSH\;C:\Program Files (x86)\Intel\Intel(R) Management Engine Components\DAL;C:\Program Files\Intel\Intel(R) Management Engine Components\DAL;C:\Program Files (x86)\Intel\Intel(R) Management Engine Components\IPT;C:\Program Files\Intel\Intel(R) Management Engine Components\IPT;C:\Program Files\Git\cmd;C:\Program Files\TortoiseGit\bin;F:\maven\apache-maven-3.6.0-bin\apache-maven-3.6.0\bin;C:\Users\HP\AppData\Local\Microsoft\WindowsApps;;C:\Program Files\JetBrains\IntelliJ IDEA Community Edition 2018.3.1\bin;;.]
2019/03/18-16:03:46.852 [main] INFO  org.apache.catalina.core.ContainerBase.[Tomcat].[localhost].[/]- Initializing Spring embedded WebApplicationContext
2019/03/18-16:03:46.852 [main] INFO  org.springframework.web.context.ContextLoader- Root WebApplicationContext: initialization completed in 1344 ms
2019/03/18-16:03:47.437 [main] INFO  springfox.documentation.spring.web.plugins.DocumentationPluginsBootstrapper- Context refreshed
2019/03/18-16:03:47.457 [main] INFO  springfox.documentation.spring.web.plugins.DocumentationPluginsBootstrapper- Found 1 custom documentation plugin(s)
2019/03/18-16:03:47.467 [main] INFO  springfox.documentation.spring.web.scanners.ApiListingReferenceScanner- Scanning for api listing references
2019/03/18-16:03:47.538 [main] WARN  springfox.documentation.swagger.readers.operation.OperationImplicitParameterReader- Coercing to be of type string. This may not even be a scalar type in actuality
2019/03/18-16:03:47.580 [main] INFO  org.springframework.boot.web.embedded.tomcat.TomcatWebServer- Tomcat started on port(s): 9393 (http) with context path ''
2019/03/18-16:03:47.582 [main] INFO  com.springonly.SpringonlyApplication- Started SpringonlyApplication in 2.486 seconds (JVM running for 2.844)
2019/03/18-16:03:52.059 [http-nio-9393-exec-1] INFO  org.apache.catalina.core.ContainerBase.[Tomcat].[localhost].[/]- Initializing Spring DispatcherServlet 'dispatcherServlet'
2019/03/18-16:03:52.059 [http-nio-9393-exec-1] INFO  org.springframework.web.servlet.DispatcherServlet- Initializing Servlet 'dispatcherServlet'
2019/03/18-16:03:52.065 [http-nio-9393-exec-1] INFO  org.springframework.web.servlet.DispatcherServlet- Completed initialization in 6 ms
2019/03/18-16:04:12.735 [main] INFO  com.springonly.SpringonlyApplication- Starting SpringonlyApplication on DESKTOP-9QBMMN1 with PID 19308 (F:\code\zijixie_spring\springlearn\springonly\target\classes started by HP in F:\code\zijixie_spring\springlearn)
2019/03/18-16:04:12.738 [main] INFO  com.springonly.SpringonlyApplication- The following profiles are active: shydev
2019/03/18-16:04:14.024 [main] INFO  org.springframework.boot.web.embedded.tomcat.TomcatWebServer- Tomcat initialized with port(s): 9393 (http)
2019/03/18-16:04:14.043 [main] INFO  org.apache.catalina.core.StandardService- Starting service [Tomcat]
2019/03/18-16:04:14.043 [main] INFO  org.apache.catalina.core.StandardEngine- Starting Servlet engine: [Apache Tomcat/9.0.14]
2019/03/18-16:04:14.051 [main] INFO  org.apache.catalina.core.AprLifecycleListener- The APR based Apache Tomcat Native library which allows optimal performance in production environments was not found on the java.library.path: [C:\Program Files\Java\jdk1.8.0_191\bin;C:\windows\Sun\Java\bin;C:\windows\system32;C:\windows;C:\Program Files (x86)\Common Files\Oracle\Java\javapath;C:\Program Files (x86)\Intel\Intel(R) Management Engine Components\iCLS\;C:\Program Files\Intel\Intel(R) Management Engine Components\iCLS\;C:\windows\system32;C:\windows;C:\windows\System32\Wbem;C:\windows\System32\WindowsPowerShell\v1.0\;C:\windows\System32\OpenSSH\;C:\Program Files (x86)\Intel\Intel(R) Management Engine Components\DAL;C:\Program Files\Intel\Intel(R) Management Engine Components\DAL;C:\Program Files (x86)\Intel\Intel(R) Management Engine Components\IPT;C:\Program Files\Intel\Intel(R) Management Engine Components\IPT;C:\Program Files\Git\cmd;C:\Program Files\TortoiseGit\bin;F:\maven\apache-maven-3.6.0-bin\apache-maven-3.6.0\bin;C:\Users\HP\AppData\Local\Microsoft\WindowsApps;;C:\Program Files\JetBrains\IntelliJ IDEA Community Edition 2018.3.1\bin;;.]
2019/03/18-16:04:14.152 [main] INFO  org.apache.catalina.core.ContainerBase.[Tomcat].[localhost].[/]- Initializing Spring embedded WebApplicationContext
2019/03/18-16:04:14.152 [main] INFO  org.springframework.web.context.ContextLoader- Root WebApplicationContext: initialization completed in 1342 ms
2019/03/18-16:04:14.698 [main] INFO  springfox.documentation.spring.web.plugins.DocumentationPluginsBootstrapper- Context refreshed
2019/03/18-16:04:14.713 [main] INFO  springfox.documentation.spring.web.plugins.DocumentationPluginsBootstrapper- Found 1 custom documentation plugin(s)
2019/03/18-16:04:14.721 [main] INFO  springfox.documentation.spring.web.scanners.ApiListingReferenceScanner- Scanning for api listing references
2019/03/18-16:04:14.777 [main] WARN  springfox.documentation.swagger.readers.operation.OperationImplicitParameterReader- Coercing to be of type string. This may not even be a scalar type in actuality
2019/03/18-16:04:14.812 [main] INFO  org.springframework.boot.web.embedded.tomcat.TomcatWebServer- Tomcat started on port(s): 9393 (http) with context path ''
2019/03/18-16:04:14.815 [main] INFO  com.springonly.SpringonlyApplication- Started SpringonlyApplication in 2.477 seconds (JVM running for 2.869)
2019/03/18-16:04:33.449 [http-nio-9393-exec-1] INFO  org.apache.catalina.core.ContainerBase.[Tomcat].[localhost].[/]- Initializing Spring DispatcherServlet 'dispatcherServlet'
2019/03/18-16:04:33.449 [http-nio-9393-exec-1] INFO  org.springframework.web.servlet.DispatcherServlet- Initializing Servlet 'dispatcherServlet'
2019/03/18-16:04:33.455 [http-nio-9393-exec-1] INFO  org.springframework.web.servlet.DispatcherServlet- Completed initialization in 6 ms
2019/03/18-16:08:07.421 [main] INFO  com.springonly.SpringonlyApplication- Starting SpringonlyApplication on DESKTOP-9QBMMN1 with PID 28004 (F:\code\zijixie_spring\springlearn\springonly\target\classes started by HP in F:\code\zijixie_spring\springlearn)
2019/03/18-16:08:07.424 [main] INFO  com.springonly.SpringonlyApplication- The following profiles are active: shydev
2019/03/18-16:08:08.700 [main] INFO  org.springframework.boot.web.embedded.tomcat.TomcatWebServer- Tomcat initialized with port(s): 9393 (http)
2019/03/18-16:08:08.721 [main] INFO  org.apache.catalina.core.StandardService- Starting service [Tomcat]
2019/03/18-16:08:08.721 [main] INFO  org.apache.catalina.core.StandardEngine- Starting Servlet engine: [Apache Tomcat/9.0.14]
2019/03/18-16:08:08.730 [main] INFO  org.apache.catalina.core.AprLifecycleListener- The APR based Apache Tomcat Native library which allows optimal performance in production environments was not found on the java.library.path: [C:\Program Files\Java\jdk1.8.0_191\bin;C:\windows\Sun\Java\bin;C:\windows\system32;C:\windows;C:\Program Files (x86)\Common Files\Oracle\Java\javapath;C:\Program Files (x86)\Intel\Intel(R) Management Engine Components\iCLS\;C:\Program Files\Intel\Intel(R) Management Engine Components\iCLS\;C:\windows\system32;C:\windows;C:\windows\System32\Wbem;C:\windows\System32\WindowsPowerShell\v1.0\;C:\windows\System32\OpenSSH\;C:\Program Files (x86)\Intel\Intel(R) Management Engine Components\DAL;C:\Program Files\Intel\Intel(R) Management Engine Components\DAL;C:\Program Files (x86)\Intel\Intel(R) Management Engine Components\IPT;C:\Program Files\Intel\Intel(R) Management Engine Components\IPT;C:\Program Files\Git\cmd;C:\Program Files\TortoiseGit\bin;F:\maven\apache-maven-3.6.0-bin\apache-maven-3.6.0\bin;C:\Users\HP\AppData\Local\Microsoft\WindowsApps;;C:\Program Files\JetBrains\IntelliJ IDEA Community Edition 2018.3.1\bin;;.]
2019/03/18-16:08:08.832 [main] INFO  org.apache.catalina.core.ContainerBase.[Tomcat].[localhost].[/]- Initializing Spring embedded WebApplicationContext
2019/03/18-16:08:08.832 [main] INFO  org.springframework.web.context.ContextLoader- Root WebApplicationContext: initialization completed in 1343 ms
2019/03/18-16:08:09.369 [main] INFO  springfox.documentation.spring.web.plugins.DocumentationPluginsBootstrapper- Context refreshed
2019/03/18-16:08:09.385 [main] INFO  springfox.documentation.spring.web.plugins.DocumentationPluginsBootstrapper- Found 1 custom documentation plugin(s)
2019/03/18-16:08:09.393 [main] INFO  springfox.documentation.spring.web.scanners.ApiListingReferenceScanner- Scanning for api listing references
2019/03/18-16:08:09.449 [main] WARN  springfox.documentation.swagger.readers.operation.OperationImplicitParameterReader- Coercing to be of type string. This may not even be a scalar type in actuality
2019/03/18-16:08:09.486 [main] INFO  org.springframework.boot.web.embedded.tomcat.TomcatWebServer- Tomcat started on port(s): 9393 (http) with context path ''
2019/03/18-16:08:09.489 [main] INFO  com.springonly.SpringonlyApplication- Started SpringonlyApplication in 2.529 seconds (JVM running for 2.881)
2019/03/18-16:08:09.491 [main] INFO  com.springonly.SpringonlyApplication- ***************to String drink: this is milk, fruit: this is an apple***************
2019/03/18-16:08:30.902 [http-nio-9393-exec-1] INFO  org.apache.catalina.core.ContainerBase.[Tomcat].[localhost].[/]- Initializing Spring DispatcherServlet 'dispatcherServlet'
2019/03/18-16:08:30.902 [http-nio-9393-exec-1] INFO  org.springframework.web.servlet.DispatcherServlet- Initializing Servlet 'dispatcherServlet'
2019/03/18-16:08:30.912 [http-nio-9393-exec-1] INFO  org.springframework.web.servlet.DispatcherServlet- Completed initialization in 10 ms
2019/03/18-16:09:47.895 [main] INFO  com.springonly.SpringonlyApplication- Starting SpringonlyApplication on DESKTOP-9QBMMN1 with PID 33588 (F:\code\zijixie_spring\springlearn\springonly\target\classes started by HP in F:\code\zijixie_spring\springlearn)
2019/03/18-16:09:47.899 [main] INFO  com.springonly.SpringonlyApplication- The following profiles are active: shydev
2019/03/18-16:09:49.253 [main] INFO  org.springframework.boot.web.embedded.tomcat.TomcatWebServer- Tomcat initialized with port(s): 9393 (http)
2019/03/18-16:09:49.276 [main] INFO  org.apache.catalina.core.StandardService- Starting service [Tomcat]
2019/03/18-16:09:49.277 [main] INFO  org.apache.catalina.core.StandardEngine- Starting Servlet engine: [Apache Tomcat/9.0.14]
2019/03/18-16:09:49.285 [main] INFO  org.apache.catalina.core.AprLifecycleListener- The APR based Apache Tomcat Native library which allows optimal performance in production environments was not found on the java.library.path: [C:\Program Files\Java\jdk1.8.0_191\bin;C:\windows\Sun\Java\bin;C:\windows\system32;C:\windows;C:\Program Files (x86)\Common Files\Oracle\Java\javapath;C:\Program Files (x86)\Intel\Intel(R) Management Engine Components\iCLS\;C:\Program Files\Intel\Intel(R) Management Engine Components\iCLS\;C:\windows\system32;C:\windows;C:\windows\System32\Wbem;C:\windows\System32\WindowsPowerShell\v1.0\;C:\windows\System32\OpenSSH\;C:\Program Files (x86)\Intel\Intel(R) Management Engine Components\DAL;C:\Program Files\Intel\Intel(R) Management Engine Components\DAL;C:\Program Files (x86)\Intel\Intel(R) Management Engine Components\IPT;C:\Program Files\Intel\Intel(R) Management Engine Components\IPT;C:\Program Files\Git\cmd;C:\Program Files\TortoiseGit\bin;F:\maven\apache-maven-3.6.0-bin\apache-maven-3.6.0\bin;C:\Users\HP\AppData\Local\Microsoft\WindowsApps;;C:\Program Files\JetBrains\IntelliJ IDEA Community Edition 2018.3.1\bin;;.]
2019/03/18-16:09:49.407 [main] INFO  org.apache.catalina.core.ContainerBase.[Tomcat].[localhost].[/]- Initializing Spring embedded WebApplicationContext
2019/03/18-16:09:49.407 [main] INFO  org.springframework.web.context.ContextLoader- Root WebApplicationContext: initialization completed in 1452 ms
2019/03/18-16:09:49.941 [main] INFO  springfox.documentation.spring.web.plugins.DocumentationPluginsBootstrapper- Context refreshed
2019/03/18-16:09:49.957 [main] INFO  springfox.documentation.spring.web.plugins.DocumentationPluginsBootstrapper- Found 1 custom documentation plugin(s)
2019/03/18-16:09:49.966 [main] INFO  springfox.documentation.spring.web.scanners.ApiListingReferenceScanner- Scanning for api listing references
2019/03/18-16:09:50.023 [main] WARN  springfox.documentation.swagger.readers.operation.OperationImplicitParameterReader- Coercing to be of type string. This may not even be a scalar type in actuality
2019/03/18-16:09:50.061 [main] INFO  org.springframework.boot.web.embedded.tomcat.TomcatWebServer- Tomcat started on port(s): 9393 (http) with context path ''
2019/03/18-16:09:50.063 [main] INFO  com.springonly.SpringonlyApplication- Started SpringonlyApplication in 2.543 seconds (JVM running for 2.919)
2019/03/18-16:09:50.065 [main] INFO  com.springonly.SpringonlyApplication- ***************to String drink: this is milk, fruit: this is an apple***************
2019/03/18-16:10:00.950 [http-nio-9393-exec-1] INFO  org.apache.catalina.core.ContainerBase.[Tomcat].[localhost].[/]- Initializing Spring DispatcherServlet 'dispatcherServlet'
2019/03/18-16:10:00.950 [http-nio-9393-exec-1] INFO  org.springframework.web.servlet.DispatcherServlet- Initializing Servlet 'dispatcherServlet'
2019/03/18-16:10:00.955 [http-nio-9393-exec-1] INFO  org.springframework.web.servlet.DispatcherServlet- Completed initialization in 5 ms
2019/03/18-16:10:07.791 [http-nio-9393-exec-6] INFO  com.springonly.aoplearn.controller.AOPController- *********hello world*********
2019/03/18-16:17:52.485 [main] INFO  com.springonly.SpringonlyApplication- Starting SpringonlyApplication on DESKTOP-9QBMMN1 with PID 16960 (F:\code\zijixie_spring\springlearn\springonly\target\classes started by HP in F:\code\zijixie_spring\springlearn)
2019/03/18-16:17:52.487 [main] INFO  com.springonly.SpringonlyApplication- The following profiles are active: shydev
2019/03/18-16:17:53.742 [main] INFO  org.springframework.boot.web.embedded.tomcat.TomcatWebServer- Tomcat initialized with port(s): 9393 (http)
2019/03/18-16:17:53.768 [main] INFO  org.apache.catalina.core.StandardService- Starting service [Tomcat]
2019/03/18-16:17:53.768 [main] INFO  org.apache.catalina.core.StandardEngine- Starting Servlet engine: [Apache Tomcat/9.0.14]
2019/03/18-16:17:53.777 [main] INFO  org.apache.catalina.core.AprLifecycleListener- The APR based Apache Tomcat Native library which allows optimal performance in production environments was not found on the java.library.path: [C:\Program Files\Java\jdk1.8.0_191\bin;C:\windows\Sun\Java\bin;C:\windows\system32;C:\windows;C:\Program Files (x86)\Common Files\Oracle\Java\javapath;C:\Program Files (x86)\Intel\Intel(R) Management Engine Components\iCLS\;C:\Program Files\Intel\Intel(R) Management Engine Components\iCLS\;C:\windows\system32;C:\windows;C:\windows\System32\Wbem;C:\windows\System32\WindowsPowerShell\v1.0\;C:\windows\System32\OpenSSH\;C:\Program Files (x86)\Intel\Intel(R) Management Engine Components\DAL;C:\Program Files\Intel\Intel(R) Management Engine Components\DAL;C:\Program Files (x86)\Intel\Intel(R) Management Engine Components\IPT;C:\Program Files\Intel\Intel(R) Management Engine Components\IPT;C:\Program Files\Git\cmd;C:\Program Files\TortoiseGit\bin;F:\maven\apache-maven-3.6.0-bin\apache-maven-3.6.0\bin;C:\Users\HP\AppData\Local\Microsoft\WindowsApps;;C:\Program Files\JetBrains\IntelliJ IDEA Community Edition 2018.3.1\bin;;.]
2019/03/18-16:17:53.894 [main] INFO  org.apache.catalina.core.ContainerBase.[Tomcat].[localhost].[/]- Initializing Spring embedded WebApplicationContext
2019/03/18-16:17:53.895 [main] INFO  org.springframework.web.context.ContextLoader- Root WebApplicationContext: initialization completed in 1361 ms
2019/03/18-16:17:54.433 [main] INFO  springfox.documentation.spring.web.plugins.DocumentationPluginsBootstrapper- Context refreshed
2019/03/18-16:17:54.449 [main] INFO  springfox.documentation.spring.web.plugins.DocumentationPluginsBootstrapper- Found 1 custom documentation plugin(s)
2019/03/18-16:17:54.457 [main] INFO  springfox.documentation.spring.web.scanners.ApiListingReferenceScanner- Scanning for api listing references
2019/03/18-16:17:54.515 [main] WARN  springfox.documentation.swagger.readers.operation.OperationImplicitParameterReader- Coercing to be of type string. This may not even be a scalar type in actuality
2019/03/18-16:17:54.549 [main] INFO  org.springframework.boot.web.embedded.tomcat.TomcatWebServer- Tomcat started on port(s): 9393 (http) with context path ''
2019/03/18-16:17:54.552 [main] INFO  com.springonly.SpringonlyApplication- Started SpringonlyApplication in 2.427 seconds (JVM running for 2.78)
2019/03/18-16:17:54.553 [main] INFO  com.springonly.SpringonlyApplication- ***************to String drink: this is milk, fruit: this is an apple***************
2019/03/18-16:18:02.008 [http-nio-9393-exec-1] INFO  org.apache.catalina.core.ContainerBase.[Tomcat].[localhost].[/]- Initializing Spring DispatcherServlet 'dispatcherServlet'
2019/03/18-16:18:02.009 [http-nio-9393-exec-1] INFO  org.springframework.web.servlet.DispatcherServlet- Initializing Servlet 'dispatcherServlet'
2019/03/18-16:18:02.016 [http-nio-9393-exec-1] INFO  org.springframework.web.servlet.DispatcherServlet- Completed initialization in 7 ms
2019/03/18-16:18:02.033 [http-nio-9393-exec-1] INFO  com.springonly.aoplearn.controller.AOPController- *********hello world*********
2019/03/18-16:21:10.790 [main] INFO  com.springonly.SpringonlyApplication- Starting SpringonlyApplication on DESKTOP-9QBMMN1 with PID 26420 (F:\code\zijixie_spring\springlearn\springonly\target\classes started by HP in F:\code\zijixie_spring\springlearn)
2019/03/18-16:21:10.792 [main] INFO  com.springonly.SpringonlyApplication- The following profiles are active: shydev
2019/03/18-16:21:12.084 [main] INFO  org.springframework.boot.web.embedded.tomcat.TomcatWebServer- Tomcat initialized with port(s): 9393 (http)
2019/03/18-16:21:12.109 [main] INFO  org.apache.catalina.core.StandardService- Starting service [Tomcat]
2019/03/18-16:21:12.109 [main] INFO  org.apache.catalina.core.StandardEngine- Starting Servlet engine: [Apache Tomcat/9.0.14]
2019/03/18-16:21:12.117 [main] INFO  org.apache.catalina.core.AprLifecycleListener- The APR based Apache Tomcat Native library which allows optimal performance in production environments was not found on the java.library.path: [C:\Program Files\Java\jdk1.8.0_191\bin;C:\windows\Sun\Java\bin;C:\windows\system32;C:\windows;C:\Program Files (x86)\Common Files\Oracle\Java\javapath;C:\Program Files (x86)\Intel\Intel(R) Management Engine Components\iCLS\;C:\Program Files\Intel\Intel(R) Management Engine Components\iCLS\;C:\windows\system32;C:\windows;C:\windows\System32\Wbem;C:\windows\System32\WindowsPowerShell\v1.0\;C:\windows\System32\OpenSSH\;C:\Program Files (x86)\Intel\Intel(R) Management Engine Components\DAL;C:\Program Files\Intel\Intel(R) Management Engine Components\DAL;C:\Program Files (x86)\Intel\Intel(R) Management Engine Components\IPT;C:\Program Files\Intel\Intel(R) Management Engine Components\IPT;C:\Program Files\Git\cmd;C:\Program Files\TortoiseGit\bin;F:\maven\apache-maven-3.6.0-bin\apache-maven-3.6.0\bin;C:\Users\HP\AppData\Local\Microsoft\WindowsApps;;C:\Program Files\JetBrains\IntelliJ IDEA Community Edition 2018.3.1\bin;;.]
2019/03/18-16:21:12.219 [main] INFO  org.apache.catalina.core.ContainerBase.[Tomcat].[localhost].[/]- Initializing Spring embedded WebApplicationContext
2019/03/18-16:21:12.219 [main] INFO  org.springframework.web.context.ContextLoader- Root WebApplicationContext: initialization completed in 1384 ms
2019/03/18-16:21:12.746 [main] INFO  springfox.documentation.spring.web.plugins.DocumentationPluginsBootstrapper- Context refreshed
2019/03/18-16:21:12.762 [main] INFO  springfox.documentation.spring.web.plugins.DocumentationPluginsBootstrapper- Found 1 custom documentation plugin(s)
2019/03/18-16:21:12.769 [main] INFO  springfox.documentation.spring.web.scanners.ApiListingReferenceScanner- Scanning for api listing references
2019/03/18-16:21:12.824 [main] WARN  springfox.documentation.swagger.readers.operation.OperationImplicitParameterReader- Coercing to be of type string. This may not even be a scalar type in actuality
2019/03/18-16:21:12.859 [main] INFO  org.springframework.boot.web.embedded.tomcat.TomcatWebServer- Tomcat started on port(s): 9393 (http) with context path ''
2019/03/18-16:21:12.861 [main] INFO  com.springonly.SpringonlyApplication- Started SpringonlyApplication in 2.418 seconds (JVM running for 2.78)
2019/03/18-16:21:12.863 [main] INFO  com.springonly.SpringonlyApplication- ***************to String drink: this is milk, fruit: this is an apple***************
2019/03/18-16:21:21.059 [http-nio-9393-exec-1] INFO  org.apache.catalina.core.ContainerBase.[Tomcat].[localhost].[/]- Initializing Spring DispatcherServlet 'dispatcherServlet'
2019/03/18-16:21:21.059 [http-nio-9393-exec-1] INFO  org.springframework.web.servlet.DispatcherServlet- Initializing Servlet 'dispatcherServlet'
2019/03/18-16:21:21.067 [http-nio-9393-exec-1] INFO  org.springframework.web.servlet.DispatcherServlet- Completed initialization in 7 ms
2019/03/18-16:21:21.085 [http-nio-9393-exec-1] INFO  com.springonly.aoplearn.controller.AOPController- *********hello world*********
2019/03/18-16:23:04.850 [main] INFO  com.springonly.SpringonlyApplication- Starting SpringonlyApplication on DESKTOP-9QBMMN1 with PID 39756 (F:\code\zijixie_spring\springlearn\springonly\target\classes started by HP in F:\code\zijixie_spring\springlearn)
2019/03/18-16:23:04.854 [main] INFO  com.springonly.SpringonlyApplication- The following profiles are active: shydev
2019/03/18-16:23:06.206 [main] INFO  org.springframework.boot.web.embedded.tomcat.TomcatWebServer- Tomcat initialized with port(s): 9393 (http)
2019/03/18-16:23:06.235 [main] INFO  org.apache.catalina.core.StandardService- Starting service [Tomcat]
2019/03/18-16:23:06.235 [main] INFO  org.apache.catalina.core.StandardEngine- Starting Servlet engine: [Apache Tomcat/9.0.14]
2019/03/18-16:23:06.246 [main] INFO  org.apache.catalina.core.AprLifecycleListener- The APR based Apache Tomcat Native library which allows optimal performance in production environments was not found on the java.library.path: [C:\Program Files\Java\jdk1.8.0_191\bin;C:\windows\Sun\Java\bin;C:\windows\system32;C:\windows;C:\Program Files (x86)\Common Files\Oracle\Java\javapath;C:\Program Files (x86)\Intel\Intel(R) Management Engine Components\iCLS\;C:\Program Files\Intel\Intel(R) Management Engine Components\iCLS\;C:\windows\system32;C:\windows;C:\windows\System32\Wbem;C:\windows\System32\WindowsPowerShell\v1.0\;C:\windows\System32\OpenSSH\;C:\Program Files (x86)\Intel\Intel(R) Management Engine Components\DAL;C:\Program Files\Intel\Intel(R) Management Engine Components\DAL;C:\Program Files (x86)\Intel\Intel(R) Management Engine Components\IPT;C:\Program Files\Intel\Intel(R) Management Engine Components\IPT;C:\Program Files\Git\cmd;C:\Program Files\TortoiseGit\bin;F:\maven\apache-maven-3.6.0-bin\apache-maven-3.6.0\bin;C:\Users\HP\AppData\Local\Microsoft\WindowsApps;;C:\Program Files\JetBrains\IntelliJ IDEA Community Edition 2018.3.1\bin;;.]
2019/03/18-16:23:06.379 [main] INFO  org.apache.catalina.core.ContainerBase.[Tomcat].[localhost].[/]- Initializing Spring embedded WebApplicationContext
2019/03/18-16:23:06.380 [main] INFO  org.springframework.web.context.ContextLoader- Root WebApplicationContext: initialization completed in 1467 ms
2019/03/18-16:23:06.930 [main] INFO  springfox.documentation.spring.web.plugins.DocumentationPluginsBootstrapper- Context refreshed
2019/03/18-16:23:06.945 [main] INFO  springfox.documentation.spring.web.plugins.DocumentationPluginsBootstrapper- Found 1 custom documentation plugin(s)
2019/03/18-16:23:06.954 [main] INFO  springfox.documentation.spring.web.scanners.ApiListingReferenceScanner- Scanning for api listing references
2019/03/18-16:23:07.009 [main] WARN  springfox.documentation.swagger.readers.operation.OperationImplicitParameterReader- Coercing to be of type string. This may not even be a scalar type in actuality
2019/03/18-16:23:07.046 [main] INFO  org.springframework.boot.web.embedded.tomcat.TomcatWebServer- Tomcat started on port(s): 9393 (http) with context path ''
2019/03/18-16:23:07.048 [main] INFO  com.springonly.SpringonlyApplication- Started SpringonlyApplication in 2.582 seconds (JVM running for 2.947)
2019/03/18-16:23:07.052 [main] INFO  com.springonly.SpringonlyApplication- ***************to String drink: this is milk, fruit: this is an apple***************
2019/03/18-16:23:18.101 [http-nio-9393-exec-1] INFO  org.apache.catalina.core.ContainerBase.[Tomcat].[localhost].[/]- Initializing Spring DispatcherServlet 'dispatcherServlet'
2019/03/18-16:23:18.101 [http-nio-9393-exec-1] INFO  org.springframework.web.servlet.DispatcherServlet- Initializing Servlet 'dispatcherServlet'
2019/03/18-16:23:18.109 [http-nio-9393-exec-1] INFO  org.springframework.web.servlet.DispatcherServlet- Completed initialization in 8 ms
2019/03/18-16:23:20.726 [http-nio-9393-exec-2] INFO  com.springonly.aoplearn.controller.AOPController- *********hello world*********
2019/03/18-16:25:01.378 [main] INFO  com.springonly.SpringonlyApplication- Starting SpringonlyApplication on DESKTOP-9QBMMN1 with PID 12884 (F:\code\zijixie_spring\springlearn\springonly\target\classes started by HP in F:\code\zijixie_spring\springlearn)
2019/03/18-16:25:01.383 [main] INFO  com.springonly.SpringonlyApplication- The following profiles are active: shydev
2019/03/18-16:25:03.403 [main] INFO  org.springframework.boot.web.embedded.tomcat.TomcatWebServer- Tomcat initialized with port(s): 9393 (http)
2019/03/18-16:25:03.431 [main] INFO  org.apache.catalina.core.StandardService- Starting service [Tomcat]
2019/03/18-16:25:03.431 [main] INFO  org.apache.catalina.core.StandardEngine- Starting Servlet engine: [Apache Tomcat/9.0.14]
2019/03/18-16:25:03.441 [main] INFO  org.apache.catalina.core.AprLifecycleListener- The APR based Apache Tomcat Native library which allows optimal performance in production environments was not found on the java.library.path: [C:\Program Files\Java\jdk1.8.0_191\bin;C:\windows\Sun\Java\bin;C:\windows\system32;C:\windows;C:\Program Files (x86)\Common Files\Oracle\Java\javapath;C:\Program Files (x86)\Intel\Intel(R) Management Engine Components\iCLS\;C:\Program Files\Intel\Intel(R) Management Engine Components\iCLS\;C:\windows\system32;C:\windows;C:\windows\System32\Wbem;C:\windows\System32\WindowsPowerShell\v1.0\;C:\windows\System32\OpenSSH\;C:\Program Files (x86)\Intel\Intel(R) Management Engine Components\DAL;C:\Program Files\Intel\Intel(R) Management Engine Components\DAL;C:\Program Files (x86)\Intel\Intel(R) Management Engine Components\IPT;C:\Program Files\Intel\Intel(R) Management Engine Components\IPT;C:\Program Files\Git\cmd;C:\Program Files\TortoiseGit\bin;F:\maven\apache-maven-3.6.0-bin\apache-maven-3.6.0\bin;C:\Users\HP\AppData\Local\Microsoft\WindowsApps;;C:\Program Files\JetBrains\IntelliJ IDEA Community Edition 2018.3.1\bin;;.]
2019/03/18-16:25:03.654 [main] INFO  org.apache.catalina.core.ContainerBase.[Tomcat].[localhost].[/]- Initializing Spring embedded WebApplicationContext
2019/03/18-16:25:03.654 [main] INFO  org.springframework.web.context.ContextLoader- Root WebApplicationContext: initialization completed in 2204 ms
2019/03/18-16:25:04.521 [main] INFO  springfox.documentation.spring.web.plugins.DocumentationPluginsBootstrapper- Context refreshed
2019/03/18-16:25:04.541 [main] INFO  springfox.documentation.spring.web.plugins.DocumentationPluginsBootstrapper- Found 1 custom documentation plugin(s)
2019/03/18-16:25:04.551 [main] INFO  springfox.documentation.spring.web.scanners.ApiListingReferenceScanner- Scanning for api listing references
2019/03/18-16:25:04.610 [main] WARN  springfox.documentation.swagger.readers.operation.OperationImplicitParameterReader- Coercing to be of type string. This may not even be a scalar type in actuality
2019/03/18-16:25:04.651 [main] INFO  org.springframework.boot.web.embedded.tomcat.TomcatWebServer- Tomcat started on port(s): 9393 (http) with context path ''
2019/03/18-16:25:04.653 [main] INFO  com.springonly.SpringonlyApplication- Started SpringonlyApplication in 3.778 seconds (JVM running for 4.183)
2019/03/18-16:25:04.654 [main] INFO  com.springonly.SpringonlyApplication- ***************to String drink: this is milk, fruit: this is an apple***************
2019/03/18-16:25:46.429 [http-nio-9393-exec-1] INFO  org.apache.catalina.core.ContainerBase.[Tomcat].[localhost].[/]- Initializing Spring DispatcherServlet 'dispatcherServlet'
2019/03/18-16:25:46.430 [http-nio-9393-exec-1] INFO  org.springframework.web.servlet.DispatcherServlet- Initializing Servlet 'dispatcherServlet'
2019/03/18-16:25:46.440 [http-nio-9393-exec-1] INFO  org.springframework.web.servlet.DispatcherServlet- Completed initialization in 10 ms
2019/03/18-16:25:50.919 [http-nio-9393-exec-6] INFO  com.springonly.aoplearn.controller.AOPController- *********hello world*********
2019/03/18-16:27:03.180 [main] INFO  com.springonly.SpringonlyApplication- Starting SpringonlyApplication on DESKTOP-9QBMMN1 with PID 38024 (F:\code\zijixie_spring\springlearn\springonly\target\classes started by HP in F:\code\zijixie_spring\springlearn)
2019/03/18-16:27:03.182 [main] INFO  com.springonly.SpringonlyApplication- The following profiles are active: shydev
2019/03/18-16:27:04.660 [main] INFO  org.springframework.boot.web.embedded.tomcat.TomcatWebServer- Tomcat initialized with port(s): 9393 (http)
2019/03/18-16:27:04.686 [main] INFO  org.apache.catalina.core.StandardService- Starting service [Tomcat]
2019/03/18-16:27:04.686 [main] INFO  org.apache.catalina.core.StandardEngine- Starting Servlet engine: [Apache Tomcat/9.0.14]
2019/03/18-16:27:04.743 [main] INFO  org.apache.catalina.core.AprLifecycleListener- The APR based Apache Tomcat Native library which allows optimal performance in production environments was not found on the java.library.path: [C:\Program Files\Java\jdk1.8.0_191\bin;C:\windows\Sun\Java\bin;C:\windows\system32;C:\windows;C:\Program Files (x86)\Common Files\Oracle\Java\javapath;C:\Program Files (x86)\Intel\Intel(R) Management Engine Components\iCLS\;C:\Program Files\Intel\Intel(R) Management Engine Components\iCLS\;C:\windows\system32;C:\windows;C:\windows\System32\Wbem;C:\windows\System32\WindowsPowerShell\v1.0\;C:\windows\System32\OpenSSH\;C:\Program Files (x86)\Intel\Intel(R) Management Engine Components\DAL;C:\Program Files\Intel\Intel(R) Management Engine Components\DAL;C:\Program Files (x86)\Intel\Intel(R) Management Engine Components\IPT;C:\Program Files\Intel\Intel(R) Management Engine Components\IPT;C:\Program Files\Git\cmd;C:\Program Files\TortoiseGit\bin;F:\maven\apache-maven-3.6.0-bin\apache-maven-3.6.0\bin;C:\Users\HP\AppData\Local\Microsoft\WindowsApps;;C:\Program Files\JetBrains\IntelliJ IDEA Community Edition 2018.3.1\bin;;.]
2019/03/18-16:27:04.839 [main] INFO  org.apache.catalina.core.ContainerBase.[Tomcat].[localhost].[/]- Initializing Spring embedded WebApplicationContext
2019/03/18-16:27:04.839 [main] INFO  org.springframework.web.context.ContextLoader- Root WebApplicationContext: initialization completed in 1607 ms
2019/03/18-16:27:05.602 [main] INFO  springfox.documentation.spring.web.plugins.DocumentationPluginsBootstrapper- Context refreshed
2019/03/18-16:27:05.617 [main] INFO  springfox.documentation.spring.web.plugins.DocumentationPluginsBootstrapper- Found 1 custom documentation plugin(s)
2019/03/18-16:27:05.625 [main] INFO  springfox.documentation.spring.web.scanners.ApiListingReferenceScanner- Scanning for api listing references
2019/03/18-16:27:05.701 [main] WARN  springfox.documentation.swagger.readers.operation.OperationImplicitParameterReader- Coercing to be of type string. This may not even be a scalar type in actuality
2019/03/18-16:27:05.762 [main] INFO  org.springframework.boot.web.embedded.tomcat.TomcatWebServer- Tomcat started on port(s): 9393 (http) with context path ''
2019/03/18-16:27:05.765 [main] INFO  com.springonly.SpringonlyApplication- Started SpringonlyApplication in 2.941 seconds (JVM running for 3.311)
2019/03/18-16:27:05.767 [main] INFO  com.springonly.SpringonlyApplication- ***************to String drink: this is milk, fruit: this is an apple***************
2019/03/18-16:27:12.338 [http-nio-9393-exec-2] INFO  org.apache.catalina.core.ContainerBase.[Tomcat].[localhost].[/]- Initializing Spring DispatcherServlet 'dispatcherServlet'
2019/03/18-16:27:12.338 [http-nio-9393-exec-2] INFO  org.springframework.web.servlet.DispatcherServlet- Initializing Servlet 'dispatcherServlet'
2019/03/18-16:27:12.349 [http-nio-9393-exec-2] INFO  org.springframework.web.servlet.DispatcherServlet- Completed initialization in 11 ms
2019/03/18-16:27:14.733 [http-nio-9393-exec-6] INFO  com.springonly.aoplearn.controller.AOPController- *********hello world*********
2019/03/18-16:28:23.004 [main] INFO  com.springonly.SpringonlyApplication- Starting SpringonlyApplication on DESKTOP-9QBMMN1 with PID 37124 (F:\code\zijixie_spring\springlearn\springonly\target\classes started by HP in F:\code\zijixie_spring\springlearn)
2019/03/18-16:28:23.006 [main] INFO  com.springonly.SpringonlyApplication- The following profiles are active: shydev
2019/03/18-16:28:24.659 [main] INFO  org.springframework.boot.web.embedded.tomcat.TomcatWebServer- Tomcat initialized with port(s): 9393 (http)
2019/03/18-16:28:24.684 [main] INFO  org.apache.catalina.core.StandardService- Starting service [Tomcat]
2019/03/18-16:28:24.684 [main] INFO  org.apache.catalina.core.StandardEngine- Starting Servlet engine: [Apache Tomcat/9.0.14]
2019/03/18-16:28:24.741 [main] INFO  org.apache.catalina.core.AprLifecycleListener- The APR based Apache Tomcat Native library which allows optimal performance in production environments was not found on the java.library.path: [C:\Program Files\Java\jdk1.8.0_191\bin;C:\windows\Sun\Java\bin;C:\windows\system32;C:\windows;C:\Program Files (x86)\Common Files\Oracle\Java\javapath;C:\Program Files (x86)\Intel\Intel(R) Management Engine Components\iCLS\;C:\Program Files\Intel\Intel(R) Management Engine Components\iCLS\;C:\windows\system32;C:\windows;C:\windows\System32\Wbem;C:\windows\System32\WindowsPowerShell\v1.0\;C:\windows\System32\OpenSSH\;C:\Program Files (x86)\Intel\Intel(R) Management Engine Components\DAL;C:\Program Files\Intel\Intel(R) Management Engine Components\DAL;C:\Program Files (x86)\Intel\Intel(R) Management Engine Components\IPT;C:\Program Files\Intel\Intel(R) Management Engine Components\IPT;C:\Program Files\Git\cmd;C:\Program Files\TortoiseGit\bin;F:\maven\apache-maven-3.6.0-bin\apache-maven-3.6.0\bin;C:\Users\HP\AppData\Local\Microsoft\WindowsApps;;C:\Program Files\JetBrains\IntelliJ IDEA Community Edition 2018.3.1\bin;;.]
2019/03/18-16:28:24.867 [main] INFO  org.apache.catalina.core.ContainerBase.[Tomcat].[localhost].[/]- Initializing Spring embedded WebApplicationContext
2019/03/18-16:28:24.867 [main] INFO  org.springframework.web.context.ContextLoader- Root WebApplicationContext: initialization completed in 1802 ms
2019/03/18-16:28:25.581 [main] INFO  springfox.documentation.spring.web.plugins.DocumentationPluginsBootstrapper- Context refreshed
2019/03/18-16:28:25.596 [main] INFO  springfox.documentation.spring.web.plugins.DocumentationPluginsBootstrapper- Found 1 custom documentation plugin(s)
2019/03/18-16:28:25.605 [main] INFO  springfox.documentation.spring.web.scanners.ApiListingReferenceScanner- Scanning for api listing references
2019/03/18-16:28:25.660 [main] WARN  springfox.documentation.swagger.readers.operation.OperationImplicitParameterReader- Coercing to be of type string. This may not even be a scalar type in actuality
2019/03/18-16:28:25.696 [main] INFO  org.springframework.boot.web.embedded.tomcat.TomcatWebServer- Tomcat started on port(s): 9393 (http) with context path ''
2019/03/18-16:28:25.698 [main] INFO  com.springonly.SpringonlyApplication- Started SpringonlyApplication in 3.073 seconds (JVM running for 3.451)
2019/03/18-16:28:25.700 [main] INFO  com.springonly.SpringonlyApplication- ***************to String drink: this is milk, fruit: this is an apple***************
2019/03/18-16:28:43.473 [http-nio-9393-exec-1] INFO  org.apache.catalina.core.ContainerBase.[Tomcat].[localhost].[/]- Initializing Spring DispatcherServlet 'dispatcherServlet'
2019/03/18-16:28:43.473 [http-nio-9393-exec-1] INFO  org.springframework.web.servlet.DispatcherServlet- Initializing Servlet 'dispatcherServlet'
2019/03/18-16:28:43.486 [http-nio-9393-exec-1] INFO  org.springframework.web.servlet.DispatcherServlet- Completed initialization in 13 ms
2019/03/18-16:28:45.894 [http-nio-9393-exec-7] INFO  com.springonly.aoplearn.controller.AOPController- *********hello world*********
2019/03/18-16:29:01.057 [http-nio-9393-exec-7] INFO  com.springonly.aoplearn.controller.AOPController- ---------class com.springonly.aoplearn.controller.AOPController/testSwagger---------start-parameter:[org.apache.catalina.connector.RequestFacade@49d5bd82333]
2019/03/18-16:29:01.064 [http-nio-9393-exec-7] INFO  com.springonly.aoplearn.controller.AOPController- ---------class com.springonly.aoplearn.controller.AOPController/testSwagger---------end-result:333userName
2019/03/18-16:30:19.134 [main] INFO  com.springonly.SpringonlyApplication- Starting SpringonlyApplication on DESKTOP-9QBMMN1 with PID 23612 (F:\code\zijixie_spring\springlearn\springonly\target\classes started by HP in F:\code\zijixie_spring\springlearn)
2019/03/18-16:30:19.136 [main] INFO  com.springonly.SpringonlyApplication- The following profiles are active: shydev
2019/03/18-16:30:20.536 [main] INFO  org.springframework.boot.web.embedded.tomcat.TomcatWebServer- Tomcat initialized with port(s): 9393 (http)
2019/03/18-16:30:20.558 [main] INFO  org.apache.catalina.core.StandardService- Starting service [Tomcat]
2019/03/18-16:30:20.559 [main] INFO  org.apache.catalina.core.StandardEngine- Starting Servlet engine: [Apache Tomcat/9.0.14]
2019/03/18-16:30:20.613 [main] INFO  org.apache.catalina.core.AprLifecycleListener- The APR based Apache Tomcat Native library which allows optimal performance in production environments was not found on the java.library.path: [C:\Program Files\Java\jdk1.8.0_191\bin;C:\windows\Sun\Java\bin;C:\windows\system32;C:\windows;C:\Program Files (x86)\Common Files\Oracle\Java\javapath;C:\Program Files (x86)\Intel\Intel(R) Management Engine Components\iCLS\;C:\Program Files\Intel\Intel(R) Management Engine Components\iCLS\;C:\windows\system32;C:\windows;C:\windows\System32\Wbem;C:\windows\System32\WindowsPowerShell\v1.0\;C:\windows\System32\OpenSSH\;C:\Program Files (x86)\Intel\Intel(R) Management Engine Components\DAL;C:\Program Files\Intel\Intel(R) Management Engine Components\DAL;C:\Program Files (x86)\Intel\Intel(R) Management Engine Components\IPT;C:\Program Files\Intel\Intel(R) Management Engine Components\IPT;C:\Program Files\Git\cmd;C:\Program Files\TortoiseGit\bin;F:\maven\apache-maven-3.6.0-bin\apache-maven-3.6.0\bin;C:\Users\HP\AppData\Local\Microsoft\WindowsApps;;C:\Program Files\JetBrains\IntelliJ IDEA Community Edition 2018.3.1\bin;;.]
2019/03/18-16:30:20.711 [main] INFO  org.apache.catalina.core.ContainerBase.[Tomcat].[localhost].[/]- Initializing Spring embedded WebApplicationContext
2019/03/18-16:30:20.711 [main] INFO  org.springframework.web.context.ContextLoader- Root WebApplicationContext: initialization completed in 1531 ms
2019/03/18-16:30:21.489 [main] INFO  springfox.documentation.spring.web.plugins.DocumentationPluginsBootstrapper- Context refreshed
2019/03/18-16:30:21.506 [main] INFO  springfox.documentation.spring.web.plugins.DocumentationPluginsBootstrapper- Found 1 custom documentation plugin(s)
2019/03/18-16:30:21.515 [main] INFO  springfox.documentation.spring.web.scanners.ApiListingReferenceScanner- Scanning for api listing references
2019/03/18-16:30:21.581 [main] WARN  springfox.documentation.swagger.readers.operation.OperationImplicitParameterReader- Coercing to be of type string. This may not even be a scalar type in actuality
2019/03/18-16:30:21.623 [main] INFO  org.springframework.boot.web.embedded.tomcat.TomcatWebServer- Tomcat started on port(s): 9393 (http) with context path ''
2019/03/18-16:30:21.625 [main] INFO  com.springonly.SpringonlyApplication- Started SpringonlyApplication in 2.854 seconds (JVM running for 3.222)
2019/03/18-16:30:21.627 [main] INFO  com.springonly.SpringonlyApplication- ***************to String drink: this is milk, fruit: this is an apple***************
2019/03/18-16:30:43.801 [http-nio-9393-exec-4] INFO  org.apache.catalina.core.ContainerBase.[Tomcat].[localhost].[/]- Initializing Spring DispatcherServlet 'dispatcherServlet'
2019/03/18-16:30:43.801 [http-nio-9393-exec-4] INFO  org.springframework.web.servlet.DispatcherServlet- Initializing Servlet 'dispatcherServlet'
2019/03/18-16:30:43.813 [http-nio-9393-exec-4] INFO  org.springframework.web.servlet.DispatcherServlet- Completed initialization in 11 ms
2019/03/18-16:30:43.834 [http-nio-9393-exec-4] INFO  com.springonly.aoplearn.controller.AOPController- ---------class com.springonly.aoplearn.controller.AOPController/helloWord---------start-parameter:[]
2019/03/18-16:30:43.838 [http-nio-9393-exec-4] INFO  com.springonly.aoplearn.controller.AOPController- *********hello world*********
2019/03/18-16:30:43.839 [http-nio-9393-exec-4] INFO  com.springonly.aoplearn.controller.AOPController- ---------class com.springonly.aoplearn.controller.AOPController/helloWord---------end-result:hello world
2019/03/18-19:38:40.442 [main] INFO  com.springonly.SpringonlyApplication- Starting SpringonlyApplication on DESKTOP-9QBMMN1 with PID 39788 (F:\code\zijixie_spring\springlearn\springonly\target\classes started by HP in F:\code\zijixie_spring\springlearn)
2019/03/18-19:38:40.444 [main] INFO  com.springonly.SpringonlyApplication- The following profiles are active: shydev
2019/03/18-19:38:41.982 [main] INFO  org.springframework.boot.web.embedded.tomcat.TomcatWebServer- Tomcat initialized with port(s): 9393 (http)
2019/03/18-19:38:42.004 [main] INFO  org.apache.catalina.core.StandardService- Starting service [Tomcat]
2019/03/18-19:38:42.004 [main] INFO  org.apache.catalina.core.StandardEngine- Starting Servlet engine: [Apache Tomcat/9.0.14]
2019/03/18-19:38:42.059 [main] INFO  org.apache.catalina.core.AprLifecycleListener- The APR based Apache Tomcat Native library which allows optimal performance in production environments was not found on the java.library.path: [C:\Program Files\Java\jdk1.8.0_191\bin;C:\windows\Sun\Java\bin;C:\windows\system32;C:\windows;C:\Program Files (x86)\Common Files\Oracle\Java\javapath;C:\Program Files (x86)\Intel\Intel(R) Management Engine Components\iCLS\;C:\Program Files\Intel\Intel(R) Management Engine Components\iCLS\;C:\windows\system32;C:\windows;C:\windows\System32\Wbem;C:\windows\System32\WindowsPowerShell\v1.0\;C:\windows\System32\OpenSSH\;C:\Program Files (x86)\Intel\Intel(R) Management Engine Components\DAL;C:\Program Files\Intel\Intel(R) Management Engine Components\DAL;C:\Program Files (x86)\Intel\Intel(R) Management Engine Components\IPT;C:\Program Files\Intel\Intel(R) Management Engine Components\IPT;C:\Program Files\Git\cmd;C:\Program Files\TortoiseGit\bin;F:\maven\apache-maven-3.6.0-bin\apache-maven-3.6.0\bin;C:\Users\HP\AppData\Local\Microsoft\WindowsApps;;C:\Program Files\JetBrains\IntelliJ IDEA Community Edition 2018.3.1\bin;;.]
2019/03/18-19:38:42.157 [main] INFO  org.apache.catalina.core.ContainerBase.[Tomcat].[localhost].[/]- Initializing Spring embedded WebApplicationContext
2019/03/18-19:38:42.158 [main] INFO  org.springframework.web.context.ContextLoader- Root WebApplicationContext: initialization completed in 1670 ms
2019/03/18-19:38:42.947 [main] INFO  springfox.documentation.spring.web.plugins.DocumentationPluginsBootstrapper- Context refreshed
2019/03/18-19:38:42.962 [main] INFO  springfox.documentation.spring.web.plugins.DocumentationPluginsBootstrapper- Found 1 custom documentation plugin(s)
2019/03/18-19:38:42.971 [main] INFO  springfox.documentation.spring.web.scanners.ApiListingReferenceScanner- Scanning for api listing references
2019/03/18-19:38:43.028 [main] WARN  springfox.documentation.swagger.readers.operation.OperationImplicitParameterReader- Coercing to be of type string. This may not even be a scalar type in actuality
2019/03/18-19:38:43.065 [main] INFO  org.springframework.boot.web.embedded.tomcat.TomcatWebServer- Tomcat started on port(s): 9393 (http) with context path ''
2019/03/18-19:38:43.068 [main] INFO  com.springonly.SpringonlyApplication- Started SpringonlyApplication in 3.004 seconds (JVM running for 3.407)
2019/03/18-19:38:43.070 [main] INFO  com.springonly.SpringonlyApplication- ***************to String drink: this is milk, fruit: this is an apple***************
2019/03/18-19:39:15.962 [http-nio-9393-exec-1] INFO  org.apache.catalina.core.ContainerBase.[Tomcat].[localhost].[/]- Initializing Spring DispatcherServlet 'dispatcherServlet'
2019/03/18-19:39:15.963 [http-nio-9393-exec-1] INFO  org.springframework.web.servlet.DispatcherServlet- Initializing Servlet 'dispatcherServlet'
2019/03/18-19:39:15.976 [http-nio-9393-exec-1] INFO  org.springframework.web.servlet.DispatcherServlet- Completed initialization in 13 ms
2019/03/18-19:39:15.998 [http-nio-9393-exec-1] INFO  com.springonly.aoplearn.controller.AOPController- ---------class com.springonly.aoplearn.controller.AOPController/helloWord---------start-parameter:[]
2019/03/18-19:39:16.003 [http-nio-9393-exec-1] INFO  com.springonly.aoplearn.controller.AOPController- *********hello world*********
2019/03/18-19:39:16.003 [http-nio-9393-exec-1] INFO  com.springonly.aoplearn.controller.AOPController- ---------class com.springonly.aoplearn.controller.AOPController/helloWord---------end-result:hello world
